2025-02-01 00:00:00:INFO:Performing scheduled database backup.
2025-02-01 00:00:00:INFO:Deleting oldest backup /home/orangepi/.local/share/spoolman/backups/spoolman.db.5
2025-02-01 00:00:00:INFO:Backing up SQLite database to /home/orangepi/.local/share/spoolman/backups/spoolman.db
2025-02-01 00:00:00:INFO:Copied 1 of 24 pages.
2025-02-01 00:00:00:INFO:Copied 2 of 24 pages.
2025-02-01 00:00:00:INFO:Copied 3 of 24 pages.
2025-02-01 00:00:00:INFO:Copied 4 of 24 pages.
2025-02-01 00:00:00:INFO:Copied 5 of 24 pages.
2025-02-01 00:00:00:INFO:Copied 6 of 24 pages.
2025-02-01 00:00:00:INFO:Copied 7 of 24 pages.
2025-02-01 00:00:00:INFO:Copied 8 of 24 pages.
2025-02-01 00:00:00:INFO:Copied 9 of 24 pages.
2025-02-01 00:00:00:INFO:Copied 10 of 24 pages.
2025-02-01 00:00:00:INFO:Copied 11 of 24 pages.
2025-02-01 00:00:00:INFO:Copied 12 of 24 pages.
2025-02-01 00:00:00:INFO:Copied 13 of 24 pages.
2025-02-01 00:00:00:INFO:Copied 14 of 24 pages.
2025-02-01 00:00:00:INFO:Copied 15 of 24 pages.
2025-02-01 00:00:00:INFO:Copied 16 of 24 pages.
2025-02-01 00:00:00:INFO:Copied 17 of 24 pages.
2025-02-01 00:00:00:INFO:Copied 18 of 24 pages.
2025-02-01 00:00:00:INFO:Copied 19 of 24 pages.
2025-02-01 00:00:00:INFO:Copied 20 of 24 pages.
2025-02-01 00:00:00:INFO:Copied 21 of 24 pages.
2025-02-01 00:00:00:INFO:Copied 22 of 24 pages.
2025-02-01 00:00:00:INFO:Copied 23 of 24 pages.
2025-02-01 00:00:00:INFO:Copied 24 of 24 pages.
2025-02-01 00:00:00:INFO:Backup complete.
2025-02-01 00:17:33:INFO:Syncing external DB.
2025-02-01 00:17:33:INFO:HTTP Request: GET https://donkie.github.io/SpoolmanDB/filaments.json "HTTP/1.1 200 OK"
2025-02-01 00:17:34:INFO:HTTP Request: GET https://donkie.github.io/SpoolmanDB/materials.json "HTTP/1.1 200 OK"
2025-02-01 00:17:34:INFO:External DB synced. Filaments: 4764, Materials: 29
2025-02-01 00:33:28:INFO:Starting Spoolman v0.20.0 (commit: 4f8d5ab) (built: None)
2025-02-01 00:33:28:INFO:Using data directory: /home/orangepi/.local/share/spoolman
2025-02-01 00:33:28:INFO:Using logs directory: /home/orangepi/.local/share/spoolman
2025-02-01 00:33:28:INFO:Using backups directory: /home/orangepi/.local/share/spoolman/backups
2025-02-01 00:33:28:INFO:Setting up database...
2025-02-01 00:33:28:INFO:No database type specified, using a default SQLite database located at "/home/orangepi/.local/share/spoolman/spoolman.db"
2025-02-01 00:33:28:INFO:Performing migrations...
2025-02-01 00:33:32:INFO:Scheduling automatic database backup for midnight.
2025-02-01 00:33:32:INFO:Scheduling external DB sync.
2025-02-01 00:33:32:INFO:Startup complete.
2025-02-01 00:33:32:INFO:Syncing external DB.
2025-02-01 00:33:32:INFO:Client 192.168.1.124 is now listening on pool spool
2025-02-01 00:33:32:INFO:HTTP Request: GET https://donkie.github.io/SpoolmanDB/filaments.json "HTTP/1.1 200 OK"
2025-02-01 00:33:33:INFO:HTTP Request: GET https://donkie.github.io/SpoolmanDB/materials.json "HTTP/1.1 200 OK"
2025-02-01 00:33:33:INFO:External DB synced. Filaments: 4764, Materials: 29
